<?xml version="1.0" encoding="UTF-8"?>
<!-- Generated by org.testng.reporters.JUnitReportReporter -->
<testsuite skipped="0" hostname="shruthi" name="Scripts.ValidLoginTest" tests="1" failures="0" timestamp="01 Aug 2018 13:47:09 GMT" time="69.305" errors="0">
  <testcase name="validLoginTest" time="69.305" classname="Scripts.ValidLoginTest"/>
</testsuite> <!-- Scripts.ValidLoginTest -->
