<?xml version="1.0" encoding="UTF-8"?>
<!-- Generated by org.testng.reporters.JUnitReportReporter -->
<testsuite skipped="0" hostname="shruthi" name="Scripts.VerifyActiTimeProductVersion" tests="1" failures="0" timestamp="02 Aug 2018 07:33:19 GMT" time="37.932" errors="0">
  <testcase name="verifyActiTimeProductVersion" time="37.932" classname="Scripts.VerifyActiTimeProductVersion"/>
</testsuite> <!-- Scripts.VerifyActiTimeProductVersion -->
